# JRE version: Java(TM) SE Runtime Environment (8.0_191-b12) (build 1.8.0_191-b12)
# Java VM: Java HotSpot(TM) 64-Bit Server VM (25.191-b12 mixed mode windows-amd64 compressed oops)
Heap:
 PSYoungGen      total 57344K, used 25421K [0x0000000780700000, 0x0000000784700000, 0x00000007c0000000)
  eden space 49152K, 51% used [0x0000000780700000,0x0000000781fd3408,0x0000000783700000)
  from space 8192K, 0% used [0x0000000783f00000,0x0000000783f00000,0x0000000784700000)
  to   space 8192K, 0% used [0x0000000783700000,0x0000000783700000,0x0000000783f00000)
 ParOldGen       total 78848K, used 4885K [0x0000000701400000, 0x0000000706100000, 0x0000000780700000)
  object space 78848K, 6% used [0x0000000701400000,0x00000007018c5478,0x0000000706100000)
 Metaspace       used 22952K, capacity 23614K, committed 23680K, reserved 1069056K
  class space    used 2990K, capacity 3159K, committed 3200K, reserved 1048576K
GC Heap History (10 events):
Event: 2.556 GC heap before
{Heap before GC invocations=1 (full 0):
 PSYoungGen      total 57344K, used 49152K [0x0000000780700000, 0x0000000784700000, 0x00000007c0000000)
  eden space 49152K, 100% used [0x0000000780700000,0x0000000783700000,0x0000000783700000)
  from space 8192K, 0% used [0x0000000783f00000,0x0000000783f00000,0x0000000784700000)
  to   space 8192K, 0% used [0x0000000783700000,0x0000000783700000,0x0000000783f00000)
 ParOldGen       total 131072K, used 0K [0x0000000701400000, 0x0000000709400000, 0x0000000780700000)
  object space 131072K, 0% used [0x0000000701400000,0x0000000701400000,0x0000000709400000)
 Metaspace       used 10391K, capacity 10702K, committed 10880K, reserved 1058816K
  class space    used 1221K, capacity 1323K, committed 1408K, reserved 1048576K
Event: 2.578 GC heap after
Heap after GC invocations=1 (full 0):
 PSYoungGen      total 57344K, used 5642K [0x0000000780700000, 0x0000000784700000, 0x00000007c0000000)
  eden space 49152K, 0% used [0x0000000780700000,0x0000000780700000,0x0000000783700000)
  from space 8192K, 68% used [0x0000000783700000,0x0000000783c82a28,0x0000000783f00000)
  to   space 8192K, 0% used [0x0000000783f00000,0x0000000783f00000,0x0000000784700000)
 ParOldGen       total 131072K, used 8K [0x0000000701400000, 0x0000000709400000, 0x0000000780700000)
  object space 131072K, 0% used [0x0000000701400000,0x0000000701402000,0x0000000709400000)
 Metaspace       used 10391K, capacity 10702K, committed 10880K, reserved 1058816K
  class space    used 1221K, capacity 1323K, committed 1408K, reserved 1048576K
}
Event: 3.472 GC heap before
{Heap before GC invocations=2 (full 0):
 PSYoungGen      total 57344K, used 54794K [0x0000000780700000, 0x0000000784700000, 0x00000007c0000000)
  eden space 49152K, 100% used [0x0000000780700000,0x0000000783700000,0x0000000783700000)
  from space 8192K, 68% used [0x0000000783700000,0x0000000783c82a28,0x0000000783f00000)
  to   space 8192K, 0% used [0x0000000783f00000,0x0000000783f00000,0x0000000784700000)
 ParOldGen       total 131072K, used 8K [0x0000000701400000, 0x0000000709400000, 0x0000000780700000)
  object space 131072K, 0% used [0x0000000701400000,0x0000000701402000,0x0000000709400000)
 Metaspace       used 15447K, capacity 15916K, committed 16000K, reserved 1062912K
  class space    used 1986K, capacity 2108K, committed 2176K, reserved 1048576K
Event: 3.502 GC heap after
Heap after GC invocations=2 (full 0):
 PSYoungGen      total 57344K, used 6876K [0x0000000780700000, 0x0000000784700000, 0x00000007c0000000)
  eden space 49152K, 0% used [0x0000000780700000,0x0000000780700000,0x0000000783700000)
  from space 8192K, 83% used [0x0000000783f00000,0x00000007845b70e8,0x0000000784700000)
  to   space 8192K, 0% used [0x0000000783700000,0x0000000783700000,0x0000000783f00000)
 ParOldGen       total 131072K, used 16K [0x0000000701400000, 0x0000000709400000, 0x0000000780700000)
  object space 131072K, 0% used [0x0000000701400000,0x0000000701404000,0x0000000709400000)
 Metaspace       used 15447K, capacity 15916K, committed 16000K, reserved 1062912K
  class space    used 1986K, capacity 2108K, committed 2176K, reserved 1048576K
}
Event: 4.153 GC heap before
{Heap before GC invocations=3 (full 0):
 PSYoungGen      total 57344K, used 56028K [0x0000000780700000, 0x0000000784700000, 0x00000007c0000000)
  eden space 49152K, 100% used [0x0000000780700000,0x0000000783700000,0x0000000783700000)
  from space 8192K, 83% used [0x0000000783f00000,0x00000007845b70e8,0x0000000784700000)
  to   space 8192K, 0% used [0x0000000783700000,0x0000000783700000,0x0000000783f00000)
 ParOldGen       total 131072K, used 16K [0x0000000701400000, 0x0000000709400000, 0x0000000780700000)
  object space 131072K, 0% used [0x0000000701400000,0x0000000701404000,0x0000000709400000)
 Metaspace       used 20276K, capacity 20826K, committed 20992K, reserved 1067008K
  class space    used 2609K, capacity 2765K, committed 2816K, reserved 1048576K
Event: 4.182 GC heap after
Heap after GC invocations=3 (full 0):
 PSYoungGen      total 57344K, used 8180K [0x0000000780700000, 0x0000000784700000, 0x00000007c0000000)
  eden space 49152K, 0% used [0x0000000780700000,0x0000000780700000,0x0000000783700000)
  from space 8192K, 99% used [0x0000000783700000,0x0000000783efd130,0x0000000783f00000)
  to   space 8192K, 0% used [0x0000000783f00000,0x0000000783f00000,0x0000000784700000)
 ParOldGen       total 131072K, used 877K [0x0000000701400000, 0x0000000709400000, 0x0000000780700000)
  object space 131072K, 0% used [0x0000000701400000,0x00000007014db660,0x0000000709400000)
 Metaspace       used 20276K, capacity 20826K, committed 20992K, reserved 1067008K
  class space    used 2609K, capacity 2765K, committed 2816K, reserved 1048576K
}
Event: 4.242 GC heap before
{Heap before GC invocations=4 (full 0):
 PSYoungGen      total 57344K, used 10654K [0x0000000780700000, 0x0000000784700000, 0x00000007c0000000)
  eden space 49152K, 5% used [0x0000000780700000,0x000000078096a790,0x0000000783700000)
  from space 8192K, 99% used [0x0000000783700000,0x0000000783efd130,0x0000000783f00000)
  to   space 8192K, 0% used [0x0000000783f00000,0x0000000783f00000,0x0000000784700000)
 ParOldGen       total 131072K, used 877K [0x0000000701400000, 0x0000000709400000, 0x0000000780700000)
  object space 131072K, 0% used [0x0000000701400000,0x00000007014db660,0x0000000709400000)
 Metaspace       used 20604K, capacity 21178K, committed 21248K, reserved 1067008K
  class space    used 2651K, capacity 2797K, committed 2816K, reserved 1048576K
Event: 4.275 GC heap after
Heap after GC invocations=4 (full 0):
 PSYoungGen      total 57344K, used 4980K [0x0000000780700000, 0x0000000784700000, 0x00000007c0000000)
  eden space 49152K, 0% used [0x0000000780700000,0x0000000780700000,0x0000000783700000)
  from space 8192K, 60% used [0x0000000783f00000,0x00000007843dd118,0x0000000784700000)
  to   space 8192K, 0% used [0x0000000783700000,0x0000000783700000,0x0000000783f00000)
 ParOldGen       total 131072K, used 885K [0x0000000701400000, 0x0000000709400000, 0x0000000780700000)
  object space 131072K, 0% used [0x0000000701400000,0x00000007014dd660,0x0000000709400000)
 Metaspace       used 20604K, capacity 21178K, committed 21248K, reserved 1067008K
  class space    used 2651K, capacity 2797K, committed 2816K, reserved 1048576K
}
Event: 4.275 GC heap before
{Heap before GC invocations=5 (full 1):
 PSYoungGen      total 57344K, used 4980K [0x0000000780700000, 0x0000000784700000, 0x00000007c0000000)
  eden space 49152K, 0% used [0x0000000780700000,0x0000000780700000,0x0000000783700000)
  from space 8192K, 60% used [0x0000000783f00000,0x00000007843dd118,0x0000000784700000)
  to   space 8192K, 0% used [0x0000000783700000,0x0000000783700000,0x0000000783f00000)
 ParOldGen       total 131072K, used 885K [0x0000000701400000, 0x0000000709400000, 0x0000000780700000)
  object space 131072K, 0% used [0x0000000701400000,0x00000007014dd660,0x0000000709400000)
 Metaspace       used 20604K, capacity 21178K, committed 21248K, reserved 1067008K
  class space    used 2651K, capacity 2797K, committed 2816K, reserved 1048576K
Event: 4.721 GC heap after
Heap after GC invocations=5 (full 1):
 PSYoungGen      total 57344K, used 0K [0x0000000780700000, 0x0000000784700000, 0x00000007c0000000)
  eden space 49152K, 0% used [0x0000000780700000,0x0000000780700000,0x0000000783700000)
  from space 8192K, 0% used [0x0000000783f00000,0x0000000783f00000,0x0000000784700000)
  to   space 8192K, 0% used [0x0000000783700000,0x0000000783700000,0x0000000783f00000)
 ParOldGen       total 78848K, used 4885K [0x0000000701400000, 0x0000000706100000, 0x0000000780700000)
  object space 78848K, 6% used [0x0000000701400000,0x00000007018c5478,0x0000000706100000)
 Metaspace       used 20604K, capacity 21178K, committed 21248K, reserved 1067008K
  class space    used 2651K, capacity 2797K, committed 2816K, reserved 1048576K
}

