# JRE version: Java(TM) SE Runtime Environment (8.0_191-b12) (build 1.8.0_191-b12)
# Java VM: Java HotSpot(TM) 64-Bit Server VM (25.191-b12 mixed mode windows-amd64 compressed oops)
Heap:
 PSYoungGen      total 162816K, used 52142K [0x0000000780700000, 0x000000078f600000, 0x00000007c0000000)
  eden space 148992K, 27% used [0x0000000780700000,0x0000000782f43fd0,0x0000000789880000)
  from space 13824K, 78% used [0x000000078e880000,0x000000078f327b18,0x000000078f600000)
  to   space 11776K, 0% used [0x0000000789880000,0x0000000789880000,0x000000078a400000)
 ParOldGen       total 75264K, used 17054K [0x0000000701400000, 0x0000000705d80000, 0x0000000780700000)
  object space 75264K, 22% used [0x0000000701400000,0x00000007024a7a90,0x0000000705d80000)
 Metaspace       used 43686K, capacity 45802K, committed 46168K, reserved 1089536K
  class space    used 5790K, capacity 6129K, committed 6232K, reserved 1048576K
GC Heap History (10 events):
Event: 7.911 GC heap before
{Heap before GC invocations=6 (full 1):
 PSYoungGen      total 106496K, used 98304K [0x0000000780700000, 0x0000000787700000, 0x00000007c0000000)
  eden space 98304K, 100% used [0x0000000780700000,0x0000000786700000,0x0000000786700000)
  from space 8192K, 0% used [0x0000000786f00000,0x0000000786f00000,0x0000000787700000)
  to   space 8192K, 0% used [0x0000000786700000,0x0000000786700000,0x0000000786f00000)
 ParOldGen       total 75264K, used 5569K [0x0000000701400000, 0x0000000705d80000, 0x0000000780700000)
  object space 75264K, 7% used [0x0000000701400000,0x0000000701970410,0x0000000705d80000)
 Metaspace       used 28675K, capacity 29522K, committed 29824K, reserved 1075200K
  class space    used 3679K, capacity 3877K, committed 3968K, reserved 1048576K
Event: 7.949 GC heap after
Heap after GC invocations=6 (full 1):
 PSYoungGen      total 106496K, used 8182K [0x0000000780700000, 0x000000078b100000, 0x00000007c0000000)
  eden space 98304K, 0% used [0x0000000780700000,0x0000000780700000,0x0000000786700000)
  from space 8192K, 99% used [0x0000000786700000,0x0000000786efdb28,0x0000000786f00000)
  to   space 11264K, 0% used [0x000000078a600000,0x000000078a600000,0x000000078b100000)
 ParOldGen       total 75264K, used 7728K [0x0000000701400000, 0x0000000705d80000, 0x0000000780700000)
  object space 75264K, 10% used [0x0000000701400000,0x0000000701b8c0f8,0x0000000705d80000)
 Metaspace       used 28675K, capacity 29522K, committed 29824K, reserved 1075200K
  class space    used 3679K, capacity 3877K, committed 3968K, reserved 1048576K
}
Event: 9.902 GC heap before
{Heap before GC invocations=7 (full 1):
 PSYoungGen      total 106496K, used 106486K [0x0000000780700000, 0x000000078b100000, 0x00000007c0000000)
  eden space 98304K, 100% used [0x0000000780700000,0x0000000786700000,0x0000000786700000)
  from space 8192K, 99% used [0x0000000786700000,0x0000000786efdb28,0x0000000786f00000)
  to   space 11264K, 0% used [0x000000078a600000,0x000000078a600000,0x000000078b100000)
 ParOldGen       total 75264K, used 7728K [0x0000000701400000, 0x0000000705d80000, 0x0000000780700000)
  object space 75264K, 10% used [0x0000000701400000,0x0000000701b8c0f8,0x0000000705d80000)
 Metaspace       used 31777K, capacity 33136K, committed 33408K, reserved 1079296K
  class space    used 4082K, capacity 4354K, committed 4480K, reserved 1048576K
Event: 9.929 GC heap after
Heap after GC invocations=7 (full 1):
 PSYoungGen      total 155136K, used 9241K [0x0000000780700000, 0x000000078af80000, 0x00000007c0000000)
  eden space 145408K, 0% used [0x0000000780700000,0x0000000780700000,0x0000000789500000)
  from space 9728K, 95% used [0x000000078a600000,0x000000078af06700,0x000000078af80000)
  to   space 11776K, 0% used [0x0000000789880000,0x0000000789880000,0x000000078a400000)
 ParOldGen       total 75264K, used 7736K [0x0000000701400000, 0x0000000705d80000, 0x0000000780700000)
  object space 75264K, 10% used [0x0000000701400000,0x0000000701b8e0f8,0x0000000705d80000)
 Metaspace       used 31777K, capacity 33136K, committed 33408K, reserved 1079296K
  class space    used 4082K, capacity 4354K, committed 4480K, reserved 1048576K
}
Event: 11.283 GC heap before
{Heap before GC invocations=8 (full 1):
 PSYoungGen      total 155136K, used 97384K [0x0000000780700000, 0x000000078af80000, 0x00000007c0000000)
  eden space 145408K, 60% used [0x0000000780700000,0x0000000785d13a30,0x0000000789500000)
  from space 9728K, 95% used [0x000000078a600000,0x000000078af06700,0x000000078af80000)
  to   space 11776K, 0% used [0x0000000789880000,0x0000000789880000,0x000000078a400000)
 ParOldGen       total 75264K, used 7736K [0x0000000701400000, 0x0000000705d80000, 0x0000000780700000)
  object space 75264K, 10% used [0x0000000701400000,0x0000000701b8e0f8,0x0000000705d80000)
 Metaspace       used 33712K, capacity 35334K, committed 35416K, reserved 1079296K
  class space    used 4346K, capacity 4647K, committed 4696K, reserved 1048576K
Event: 11.462 GC heap after
Heap after GC invocations=8 (full 1):
 PSYoungGen      total 160768K, used 11762K [0x0000000780700000, 0x000000078f600000, 0x00000007c0000000)
  eden space 148992K, 0% used [0x0000000780700000,0x0000000780700000,0x0000000789880000)
  from space 11776K, 99% used [0x0000000789880000,0x000000078a3fc8a8,0x000000078a400000)
  to   space 13824K, 0% used [0x000000078e880000,0x000000078e880000,0x000000078f600000)
 ParOldGen       total 75264K, used 8429K [0x0000000701400000, 0x0000000705d80000, 0x0000000780700000)
  object space 75264K, 11% used [0x0000000701400000,0x0000000701c3b7f0,0x0000000705d80000)
 Metaspace       used 33712K, capacity 35334K, committed 35416K, reserved 1079296K
  class space    used 4346K, capacity 4647K, committed 4696K, reserved 1048576K
}
Event: 11.462 GC heap before
{Heap before GC invocations=9 (full 2):
 PSYoungGen      total 160768K, used 11762K [0x0000000780700000, 0x000000078f600000, 0x00000007c0000000)
  eden space 148992K, 0% used [0x0000000780700000,0x0000000780700000,0x0000000789880000)
  from space 11776K, 99% used [0x0000000789880000,0x000000078a3fc8a8,0x000000078a400000)
  to   space 13824K, 0% used [0x000000078e880000,0x000000078e880000,0x000000078f600000)
 ParOldGen       total 75264K, used 8429K [0x0000000701400000, 0x0000000705d80000, 0x0000000780700000)
  object space 75264K, 11% used [0x0000000701400000,0x0000000701c3b7f0,0x0000000705d80000)
 Metaspace       used 33712K, capacity 35334K, committed 35416K, reserved 1079296K
  class space    used 4346K, capacity 4647K, committed 4696K, reserved 1048576K
Event: 11.627 GC heap after
Heap after GC invocations=9 (full 2):
 PSYoungGen      total 160768K, used 0K [0x0000000780700000, 0x000000078f600000, 0x00000007c0000000)
  eden space 148992K, 0% used [0x0000000780700000,0x0000000780700000,0x0000000789880000)
  from space 11776K, 0% used [0x0000000789880000,0x0000000789880000,0x000000078a400000)
  to   space 13824K, 0% used [0x000000078e880000,0x000000078e880000,0x000000078f600000)
 ParOldGen       total 75264K, used 17046K [0x0000000701400000, 0x0000000705d80000, 0x0000000780700000)
  object space 75264K, 22% used [0x0000000701400000,0x00000007024a5a90,0x0000000705d80000)
 Metaspace       used 33712K, capacity 35334K, committed 35416K, reserved 1079296K
  class space    used 4346K, capacity 4647K, committed 4696K, reserved 1048576K
}
Event: 15.202 GC heap before
{Heap before GC invocations=10 (full 2):
 PSYoungGen      total 160768K, used 148992K [0x0000000780700000, 0x000000078f600000, 0x00000007c0000000)
  eden space 148992K, 100% used [0x0000000780700000,0x0000000789880000,0x0000000789880000)
  from space 11776K, 0% used [0x0000000789880000,0x0000000789880000,0x000000078a400000)
  to   space 13824K, 0% used [0x000000078e880000,0x000000078e880000,0x000000078f600000)
 ParOldGen       total 75264K, used 17046K [0x0000000701400000, 0x0000000705d80000, 0x0000000780700000)
  object space 75264K, 22% used [0x0000000701400000,0x00000007024a5a90,0x0000000705d80000)
 Metaspace       used 41343K, capacity 43390K, committed 43736K, reserved 1087488K
  class space    used 5394K, capacity 5737K, committed 5848K, reserved 1048576K
Event: 15.235 GC heap after
Heap after GC invocations=10 (full 2):
 PSYoungGen      total 162816K, used 10910K [0x0000000780700000, 0x000000078f600000, 0x00000007c0000000)
  eden space 148992K, 0% used [0x0000000780700000,0x0000000780700000,0x0000000789880000)
  from space 13824K, 78% used [0x000000078e880000,0x000000078f327b18,0x000000078f600000)
  to   space 11776K, 0% used [0x0000000789880000,0x0000000789880000,0x000000078a400000)
 ParOldGen       total 75264K, used 17054K [0x0000000701400000, 0x0000000705d80000, 0x0000000780700000)
  object space 75264K, 22% used [0x0000000701400000,0x00000007024a7a90,0x0000000705d80000)
 Metaspace       used 41343K, capacity 43390K, committed 43736K, reserved 1087488K
  class space    used 5394K, capacity 5737K, committed 5848K, reserved 1048576K
}

